#
# A fatal error has been detected by the Java Runtime Environment:
#
#  EXCEPTION_ACCESS_VIOLATION (0xc0000005) at pc=0x00007ffd70e126c4, pid=13208, tid=23344
#
# JRE version: OpenJDK Runtime Environment (24.0.1+9) (build 24.0.1+9-30)
# Java VM: OpenJDK 64-Bit Server VM (24.0.1+9-30, mixed mode, sharing, tiered, compressed oops, compressed class ptrs, g1 gc, windows-amd64)
# Problematic frame:
# C  [libasyncProfiler.dll+0x926c4]
#
# No core dump will be written. Minidumps are not enabled by default on client versions of Windows
#
# If you would like to submit a bug report, please visit:
#   https://bugreport.java.com/bugreport/crash.jsp
# The crash happened outside the Java Virtual Machine in native code.
# See problematic frame for where to report the bug.
#

---------------  S U M M A R Y ------------

Command Line: -agentlib:jdwp=transport=dt_socket,address=127.0.0.1:51357,suspend=y,server=n -javaagent:C:\Users\Alessandro\AppData\Local\JetBrains\IntelliJIdea2025.1\captureAgent\debugger-agent.jar=file:///C:/Users/ALESSA~1/AppData/Local/Temp/capture4178842257544245978.props --enable-preview -agentpath:C:\Users\Alessandro\AppData\Local\Temp\idea_libasyncProfiler_dll_temp_folder6\libasyncProfiler.dll=version,jfr,event=wall,interval=10ms,cstack=no,file=C:\Users\Alessandro\IdeaSnapshots\GUIApplication_2025_06_06_175127.jfr,dbghelppath=C:\Users\Alessandro\AppData\Local\Temp\idea_dbghelp_dll_temp_folder1\dbghelp.dll,log=C:\Users\Alessandro\AppData\Local\Temp\GUIApplication_2025_06_06_175127.jfr.log.txt,logLevel=DEBUG -Dkotlinx.coroutines.debug.enable.creation.stack.trace=false -Ddebugger.agent.enable.coroutines=true -Dkotlinx.coroutines.debug.enable.flows.stack.trace=true -Dkotlinx.coroutines.debug.enable.mutable.state.flows.stack.trace=true -Dfile.encoding=UTF-8 -Dsun.stdout.encoding=UTF-8 -Dsun.stderr.encoding=UTF-8 --module-path=C:\Users\Alessandro\.m2\repository\com\fasterxml\jackson\core\jackson-core\2.16.1\jackson-core-2.16.1.jar;C:\Users\Alessandro\.m2\repository\org\javatuples\javatuples\1.2\javatuples-1.2.jar;C:\Users\Alessandro\Documents\GitHub\ing-sw-2025-ungaro-sola-tavecchio-verrengia\target\classes;C:\Users\Alessandro\.m2\repository\org\openjfx\javafx-controls\23.0.1\javafx-controls-23.0.1-win.jar;C:\Users\Alessandro\.m2\repository\com\fasterxml\jackson\core\jackson-annotations\2.16.1\jackson-annotations-2.16.1.jar;C:\Users\Alessandro\.m2\repository\org\openjfx\javafx-fxml\23.0.1\javafx-fxml-23.0.1-win.jar;C:\Users\Alessandro\.m2\repository\org\openjfx\javafx-base\23.0.1\javafx-base-23.0.1-win.jar;C:\Users\Alessandro\.m2\repository\com\fasterxml\jackson\core\jackson-databind\2.16.1\jackson-databind-2.16.1.jar;C:\Users\Alessandro\.m2\repository\org\openjfx\javafx-graphics\23.0.1\javafx-graphics-23.0.1-win.jar -Djdk.module.main=it.polimi.ingsw.gc20 it.polimi.ingsw.gc20/it.polimi.ingsw.gc20.client.view.GUI.GUIApplication

Host: 13th Gen Intel(R) Core(TM) i7-13705H, 20 cores, 15G,  Windows 11 , 64 bit Build 26100 (10.0.26100.3912)
Time: Fri Jun  6 17:54:34 2025 ora legale Europa occidentale elapsed time: 187.143938 seconds (0d 0h 3m 7s)

---------------  T H R E A D  ---------------

Current thread (0x000002c6a6856a80):  JavaThread "Attach Listener" daemon [_thread_in_native, id=23344, stack(0x000000d1a3400000,0x000000d1a3500000) (1024K)]

Stack: [0x000000d1a3400000,0x000000d1a3500000],  sp=0x000000d1a34ff2b0,  free space=1020k
Native frames: (J=compiled Java code, j=interpreted, Vv=VM code, C=native code)
C  [libasyncProfiler.dll+0x926c4]  (no source info available)
C  [libasyncProfiler.dll+0x92b9b]  (no source info available)
C  [libasyncProfiler.dll+0x917f4]  (no source info available)
C  [libasyncProfiler.dll+0x9206a]  (no source info available)
C  [libasyncProfiler.dll+0x8cc21]  (no source info available)
C  [libasyncProfiler.dll+0x7e5e1]  (no source info available)
C  [libasyncProfiler.dll+0x7d2f8]  (no source info available)
C  [libasyncProfiler.dll+0x7d1e0]  (no source info available)
C  [libasyncProfiler.dll+0x841b9]  (no source info available)
V  [jvm.dll+0x57eff7]  (no source info available)
V  [jvm.dll+0x57fdac]  (no source info available)
V  [jvm.dll+0x14ca17]  (no source info available)
V  [jvm.dll+0x14dfe1]  (no source info available)
V  [jvm.dll+0x42f456]  (no source info available)
V  [jvm.dll+0x87d76b]  (no source info available)
V  [jvm.dll+0x72ee55]  (no source info available)
C  [ucrtbase.dll+0x37b0]  (no source info available)
C  [KERNEL32.DLL+0x2e8d7]  (no source info available)
C  [ntdll.dll+0x9c5dc]  (no source info available)


siginfo: EXCEPTION_ACCESS_VIOLATION (0xc0000005), reading address 0xffffffffffffffff


Registers:
RAX=0x0000000000000010, RBX=0x0000000000000000, RCX=0xffffffffffffffff, RDX=0x007ffd6dea300010
RSP=0x000000d1a34ff2b0, RBP=0x000002c6a688ec10, RSI=0x000000d1a34ff420, RDI=0x000002c6a688ec10
R8 =0x0000000000000042, R9 =0x000000070641f170, R10=0x00007ffd6e119fb0, R11=0x0000000000000046
R12=0x000000d1a34ff420, R13=0x000002c683287100, R14=0x000002c6a6856e48, R15=0x000002c6a6856e48
RIP=0x00007ffd70e126c4, EFLAGS=0x0000000000010202

XMM[0]=0x0000000000000000 0x0000000000000000
XMM[1]=0x0000000000000000 0x0000000000000000
XMM[2]=0x0000000000000000 0x0000000000000000
XMM[3]=0x0000000000000000 0x0000000000000000
XMM[4]=0x0000000000000000 0x0000000000000000
XMM[5]=0x0000000000000000 0x0000000000000000
XMM[6]=0x0000000000000000 0x0000000000000000
XMM[7]=0x0000000000000000 0x0000000000000000
XMM[8]=0x0000000000000000 0x0000000000000000
XMM[9]=0x0000000000000000 0x0000000000000000
XMM[10]=0x0000000000000000 0x0000000000000000
XMM[11]=0x0000000000000000 0x0000000000000000
XMM[12]=0x0000000000000000 0x0000000000000000
XMM[13]=0x0000000000000000 0x0000000000000000
XMM[14]=0x0000000000000000 0x0000000000000000
XMM[15]=0x0000000000000000 0x0000000000000000
  MXCSR=0x00001fa0


Register to memory mapping:

RAX=0x0000000000000010 is an unknown value
RBX=0x0 is null
RCX=0xffffffffffffffff is an unknown value
RDX=0x007ffd6dea300010 is an unknown value
RSP=0x000000d1a34ff2b0 is pointing into the stack for thread: 0x000002c6a6856a80
RBP=0x000002c6a688ec10 points into unknown readable memory: 0x000000070641f170 | 70 f1 41 06 07 00 00 00
RSI=0x000000d1a34ff420 is pointing into the stack for thread: 0x000002c6a6856a80
RDI=0x000002c6a688ec10 points into unknown readable memory: 0x000000070641f170 | 70 f1 41 06 07 00 00 00
R8 =0x0000000000000042 is an unknown value
R9 =0x000000070641f170 is an oop: java.lang.Thread 
{0x000000070641f170} - klass: 'java/lang/Thread' - flags: 

 - ---- fields (total size 14 words):
 - 'threadLocalRandomProbe' 'I' @12  0 (0x00000000)
 - private volatile 'eetop' 'J' @16  3051627274576 (0x000002c68328e150)
 - private final 'tid' 'J' @24  3 (0x0000000000000003)
 - 'threadLocalRandomSeed' 'J' @32  0 (0x0000000000000000)
 - injected 'jvmti_thread_state' 'J' @40  3052221076128 (0x000002c6a68d92a0)
 - 'threadLocalRandomSecondarySeed' 'I' @48  0 (0x00000000)
 - injected 'jvmti_VTMS_transition_disable_count' 'I' @52  0 (0x00000000)
 - injected 'jfr_epoch' 'S' @56  0 (0x0000)
 - volatile 'interrupted' 'Z' @58  false (0x00)
 - injected 'jvmti_is_in_VTMS_transition' 'Z' @59  false (0x00)
 - private volatile 'name' 'Ljava/lang/String;' @60  "main"{0x0000000706a16028} (0xe0d42c05)
 - private volatile 'contextClassLoader' 'Ljava/lang/ClassLoader;' @64  a 'jdk/internal/loader/ClassLoaders$AppClassLoader'{0x00000007064d9948} (0xe0c9b329)
 - private final 'holder' 'Ljava/lang/Thread$FieldHolder;' @68  a 'java/lang/Thread$FieldHolder'{0x0000000706a16000} (0xe0d42c00)
 - 'threadLocals' 'Ljava/lang/ThreadLocal$ThreadLocalMap;' @72  a 'java/lang/ThreadLocal$ThreadLocalMap'{0x0000000706a15bb0} (0xe0d42b76)
 - 'inheritableThreadLocals' 'Ljava/lang/ThreadLocal$ThreadLocalMap;' @76  null (0x00000000)
 - private 'scopedValueBindings' 'Ljava/lang/Object;' @80  a 'java/lang/Class'{0x00000007ffe7c258} = 'java/lang/Thread' (0xfffcf84b)
 - final 'interruptLock' 'Ljava/lang/Object;' @84  a 'java/lang/Object'{0x0000000706a15ba0} (0xe0d42b74)
 - private volatile 'parkBlocker' 'Ljava/lang/Object;' @88  a 'java/util/concurrent/CountDownLatch$Sync'{0x000000070641f150} (0xe0c83e2a)
 - private 'nioBlocker' 'Lsun/nio/ch/Interruptible;' @92  null (0x00000000)
 - private 'cont' 'Ljdk/internal/vm/Continuation;' @96  null (0x00000000)
 - private volatile 'uncaughtExceptionHandler' 'Ljava/lang/Thread$UncaughtExceptionHandler;' @100  null (0x00000000)
 - private 'container' 'Ljdk/internal/vm/ThreadContainer;' @104  null (0x00000000)
 - private volatile 'headStackableScopes' 'Ljdk/internal/vm/StackableScope;' @108  null (0x00000000)
R10=0x00007ffd6e119fb0 jvm.dll
R11=0x0000000000000046 is an unknown value
R12=0x000000d1a34ff420 is pointing into the stack for thread: 0x000002c6a6856a80
R13=0x000002c683287100 points into unknown readable memory: 0x00007ffd6e08a510 | 10 a5 08 6e fd 7f 00 00
R14=0x000002c6a6856e48 points into unknown readable memory: 0x00007ffd6e0817b0 | b0 17 08 6e fd 7f 00 00
R15=0x000002c6a6856e48 points into unknown readable memory: 0x00007ffd6e0817b0 | b0 17 08 6e fd 7f 00 00

Top of Stack: (sp=0x000000d1a34ff2b0)
0x000000d1a34ff2b0:   000000d1a34ff420 000002c6a688ec10    .O.............
0x000000d1a34ff2c0:   0000000000000000 000002c6a68571d0   .........q......
0x000000d1a34ff2d0:   0000000000000037 00007ffd70e12b9b   7........+.p....
0x000000d1a34ff2e0:   0000000000000000 000002c6a6856e48   ........Hn......
0x000000d1a34ff2f0:   000000d1a34ff401 0000000000000000   ..O.............
0x000000d1a34ff300:   000002c6f080c240 00007ffd70e117f4   @..........p....
0x000000d1a34ff310:   0000000000000000 0000000000000037   ........7.......
0x000000d1a34ff320:   0000000000000000 0000000000000037   ........7.......
0x000000d1a34ff330:   0000001500000002 000002c6f0c2bf50   ........P.......
0x000000d1a34ff340:   000002c6f080c240 000002c6f080c31c   @...............
0x000000d1a34ff350:   000002c6f080c33c 00000000000017ac   <...............
0x000000d1a34ff360:   0000000000000000 0000000000000000   ................
0x000000d1a34ff370:   0000000000000000 00007ffd6d8e57d4   .........W.m....
0x000000d1a34ff380:   00007ffd70f54ca0 0000000000003398   .L.p.....3......
0x000000d1a34ff390:   00007ffd70f54ca0 00000000ffffffff   .L.p............
0x000000d1a34ff3a0:   0000000000000000 00007ffd70e1206a   ........j .p....
0x000000d1a34ff3b0:   000002c6a6856e48 0000000000000000   Hn..............
0x000000d1a34ff3c0:   000000d1a34ff429 000002c683287100   ).O......q(.....
0x000000d1a34ff3d0:   00007ffde30e88b0 00007ffde2fc0139   ........9.......
0x000000d1a34ff3e0:   000000000000001b 00007ffde32f9fc9   ........../.....
0x000000d1a34ff3f0:   000002c6a6856e48 00007ffd70f54ca0   Hn.......L.p....
0x000000d1a34ff400:   000000000000000b 00007ffd6db71712   ...........m....
0x000000d1a34ff410:   0000000000000000 000002c6a6856e48   ........Hn......
0x000000d1a34ff420:   000002c6ec5b0150 000002c6ec5b0830   P.[.....0.[.....
0x000000d1a34ff430:   000002c6ec5b0830 00007ffd70f54ca0   0.[......L.p....
0x000000d1a34ff440:   000002c6856d0ac8 000000d1a34ff5b8   ..m.......O.....
0x000000d1a34ff450:   000000d1a34ff6f0 0000000000008840   ..O.....@.......
0x000000d1a34ff460:   000000d1a34ff8d0 00007ffd70f54cf0   ..O......L.p....
0x000000d1a34ff470:   0000000000989680 0000000000989680   ................
0x000000d1a34ff480:   000000d1a34ff590 00007ffd70e0cc21   ..O.....!..p....
0x000000d1a34ff490:   00007ffd70f54ca0 00007ffd70f54cf8   .L.p.....L.p....
0x000000d1a34ff4a0:   00007ffd00000000 003efbde00000001   ..............>.

Instructions: (pc=0x00007ffd70e126c4)
  0x00007ffd70e125c4:   cc cc cc cc cc cc cc cc cc cc cc cc cc cc cc cc
  0x00007ffd70e125d4:   cc cc cc cc cc cc cc cc cc cc cc cc cc cc cc cc
  0x00007ffd70e125e4:   cc cc cc cc cc cc cc cc cc cc cc cc cc cc cc cc
  0x00007ffd70e125f4:   cc cc cc cc cc cc cc cc cc cc cc cc cc cc cc cc
  0x00007ffd70e12604:   cc cc cc cc cc cc cc cc cc cc cc cc cc cc cc cc
  0x00007ffd70e12614:   cc cc cc cc cc cc cc cc cc cc cc cc cc cc cc cc
  0x00007ffd70e12624:   cc cc cc cc cc cc cc cc cc cc cc cc cc cc cc cc
  0x00007ffd70e12634:   cc cc cc cc cc cc cc cc cc cc cc cc cc cc cc cc
  0x00007ffd70e12644:   cc cc cc cc cc cc cc cc cc cc cc cc 40 57 48 83
  0x00007ffd70e12654:   ec 20 48 8b f9 48 8b 0d 10 28 14 00 48 85 c9 74
  0x00007ffd70e12664:   20 48 8b 01 48 8d 54 24 38 41 b8 06 00 01 00 4c
  0x00007ffd70e12674:   8b 48 30 41 ff d1 85 c0 75 07 48 8b 4c 24 38 eb
  0x00007ffd70e12684:   02 33 c9 4c 8b 05 ea 28 14 00 48 89 5c 24 30 4d
  0x00007ffd70e12694:   85 c0 74 4a 48 8b 01 48 8b d7 4c 8b 88 28 03 00
  0x00007ffd70e126a4:   00 41 ff d1 48 85 c0 74 35 48 63 0d f8 e6 13 00
  0x00007ffd70e126b4:   48 8b 14 01 48 85 d2 74 15 48 63 05 fc e6 13 00
=>0x00007ffd70e126c4:   8b 04 10 48 8b 5c 24 30 48 83 c4 20 5f c3 b8 ff
  0x00007ffd70e126d4:   ff ff ff 48 8b 5c 24 30 48 83 c4 20 5f c3 80 3d
  0x00007ffd70e126e4:   9b 27 14 00 00 bb ff ff ff ff 74 20 4c 8b 0d 31
  0x00007ffd70e126f4:   24 14 00 4c 8d 44 24 38 48 8b 0d 15 24 14 00 48
  0x00007ffd70e12704:   8b d7 41 ff d1 85 c0 0f 44 5c 24 38 8b c3 48 8b
  0x00007ffd70e12714:   5c 24 30 48 83 c4 20 5f c3 cc cc cc cc cc cc cc
  0x00007ffd70e12724:   cc cc cc cc cc cc cc cc cc cc cc cc cc cc cc cc
  0x00007ffd70e12734:   cc cc cc cc cc cc cc cc cc cc cc cc cc cc cc cc
  0x00007ffd70e12744:   cc cc cc cc cc cc cc cc cc cc cc cc 48 89 54 24
  0x00007ffd70e12754:   10 53 55 56 57 41 56 41 57 48 83 ec 28 48 8b f2
  0x00007ffd70e12764:   4c 8b f1 48 89 4c 24 78 45 33 ff 44 89 7c 24 68
  0x00007ffd70e12774:   c7 44 24 60 01 00 00 00 48 8d 4c 24 68 e8 ed 42
  0x00007ffd70e12784:   f7 ff 8b d8 48 8d 4c 24 60 e8 e1 42 f7 ff 8b e8
  0x00007ffd70e12794:   49 8b ce e8 00 fc f6 ff 48 8b f8 90 8b c3 f0 0f
  0x00007ffd70e127a4:   b1 2f 74 04 f3 90 eb f4 4c 89 3e 4c 89 7e 08 4c
  0x00007ffd70e127b4:   89 7e 10 49 8b 6e 08 4d 8b 76 10 49 3b ee 0f 84


Stack slot to memory mapping:

stack at sp + 0 slots: 0x000000d1a34ff420 is pointing into the stack for thread: 0x000002c6a6856a80
stack at sp + 1 slots: 0x000002c6a688ec10 points into unknown readable memory: 0x000000070641f170 | 70 f1 41 06 07 00 00 00
stack at sp + 2 slots: 0x0 is null
stack at sp + 3 slots: 0x000002c6a68571d0 points into unknown readable memory: 0x6e616c2e6176616a | 6a 61 76 61 2e 6c 61 6e
stack at sp + 4 slots: 0x0000000000000037 is an unknown value
stack at sp + 5 slots: 0x00007ffd70e12b9b libasyncProfiler.dll
stack at sp + 6 slots: 0x0 is null
stack at sp + 7 slots: 0x000002c6a6856e48 points into unknown readable memory: 0x00007ffd6e0817b0 | b0 17 08 6e fd 7f 00 00

Lock stack of current Java thread (top to bottom):


---------------  P R O C E S S  ---------------

Threads class SMR info:
_java_thread_list=0x000002c6f7e004d0, length=25, elements={
0x000002c68328e150, 0x000002c6a6854fa0, 0x000002c6a68556e0, 0x000002c6a6855e20,
0x000002c6a6856a80, 0x000002c6a68576e0, 0x000002c6a6858210, 0x000002c6a685ef50,
0x000002c6a685fe20, 0x000002c6a699eef0, 0x000002c6ec7e01f0, 0x000002c6ec7e0940,
0x000002c6ec319960, 0x000002c6ec30ede0, 0x000002c6ec7ae820, 0x000002c6ed136610,
0x000002c6ed79a6b0, 0x000002c6ed782a80, 0x000002c6f02c4260, 0x000002c6f02c2c70,
0x000002c6f02c1680, 0x000002c6f02c33c0, 0x000002c6f02c1dd0, 0x000002c6f10ba8f0,
0x000002c6ec5113f0
}

Java Threads: ( => current thread )
  0x000002c68328e150 JavaThread "main"                              [_thread_blocked, id=5688, stack(0x000000d1a2900000,0x000000d1a2a00000) (1024K)]
  0x000002c6a6854fa0 JavaThread "Reference Handler"          daemon [_thread_blocked, id=13856, stack(0x000000d1a3100000,0x000000d1a3200000) (1024K)]
  0x000002c6a68556e0 JavaThread "Finalizer"                  daemon [_thread_blocked, id=14868, stack(0x000000d1a3200000,0x000000d1a3300000) (1024K)]
  0x000002c6a6855e20 JavaThread "Signal Dispatcher"          daemon [_thread_blocked, id=22780, stack(0x000000d1a3300000,0x000000d1a3400000) (1024K)]
=>0x000002c6a6856a80 JavaThread "Attach Listener"            daemon [_thread_in_native, id=23344, stack(0x000000d1a3400000,0x000000d1a3500000) (1024K)]
  0x000002c6a68576e0 JavaThread "Service Thread"             daemon [_thread_blocked, id=15760, stack(0x000000d1a3500000,0x000000d1a3600000) (1024K)]
  0x000002c6a6858210 JavaThread "Monitor Deflation Thread"   daemon [_thread_blocked, id=18016, stack(0x000000d1a3600000,0x000000d1a3700000) (1024K)]
  0x000002c6a685ef50 JavaThread "C2 CompilerThread0"         daemon [_thread_blocked, id=26788, stack(0x000000d1a3700000,0x000000d1a3800000) (1024K)]
  0x000002c6a685fe20 JavaThread "C1 CompilerThread0"         daemon [_thread_blocked, id=7128, stack(0x000000d1a3800000,0x000000d1a3900000) (1024K)]
  0x000002c6a699eef0 JavaThread "Common-Cleaner"             daemon [_thread_blocked, id=9732, stack(0x000000d1a3a00000,0x000000d1a3b00000) (1024K)]
  0x000002c6ec7e01f0 JavaThread "JDWP Transport Listener: dt_socket" daemon [_thread_blocked, id=15168, stack(0x000000d1a4400000,0x000000d1a4500000) (1024K)]
  0x000002c6ec7e0940 JavaThread "JDWP Event Helper Thread"   daemon [_thread_blocked, id=19736, stack(0x000000d1a4500000,0x000000d1a4600000) (1024K)]
  0x000002c6ec319960 JavaThread "JDWP Command Reader"        daemon [_thread_in_native, id=18764, stack(0x000000d1a4600000,0x000000d1a4700000) (1024K)]
  0x000002c6ec30ede0 JavaThread "IntelliJ Suspend Helper"    daemon [_thread_blocked, id=24296, stack(0x000000d1a4700000,0x000000d1a4800000) (1024K)]
  0x000002c6ec7ae820 JavaThread "Notification Thread"        daemon [_thread_blocked, id=28288, stack(0x000000d1a4800000,0x000000d1a4900000) (1024K)]
  0x000002c6ed136610 JavaThread "QuantumRenderer-0"          daemon [_thread_blocked, id=8436, stack(0x000000d1a4300000,0x000000d1a4400000) (1024K)]
  0x000002c6ed79a6b0 JavaThread "InvokeLaterDispatcher"      daemon [_thread_blocked, id=24440, stack(0x000000d1a3d00000,0x000000d1a3e00000) (1024K)]
  0x000002c6ed782a80 JavaThread "JavaFX Application Thread"         [_thread_in_native, id=21108, stack(0x000000d1a3e00000,0x000000d1a3f00000) (1024K)]
  0x000002c6f02c4260 JavaThread "JavaFX-Launcher"                   [_thread_blocked, id=28312, stack(0x000000d1a4100000,0x000000d1a4200000) (1024K)]
  0x000002c6f02c2c70 JavaThread "Thread-2"                   daemon [_thread_in_native, id=22852, stack(0x000000d1a4000000,0x000000d1a4100000) (1024K)]
  0x000002c6f02c1680 JavaThread "RMI TCP Accept-0"           daemon [_thread_in_native, id=11108, stack(0x000000d1a4200000,0x000000d1a4300000) (1024K)]
  0x000002c6f02c33c0 JavaThread "RMI Reaper"                        [_thread_blocked, id=22792, stack(0x000000d1a4d00000,0x000000d1a4e00000) (1024K)]
  0x000002c6f02c1dd0 JavaThread "RMI GC Daemon"              daemon [_thread_blocked, id=27816, stack(0x000000d1a4e00000,0x000000d1a4f00000) (1024K)]
  0x000002c6f10ba8f0 JavaThread "Prism Font Disposer"        daemon [_thread_blocked, id=13320, stack(0x000000d1a6400000,0x000000d1a6500000) (1024K)]
  0x000002c6ec5113f0 JavaThread "Cleaner-0"                  daemon [_thread_blocked, id=3272, stack(0x000000d1a3c00000,0x000000d1a3d00000) (1024K)]
Total: 25

Other Threads:
  0x000002c6a6845a20 VMThread "VM Thread"                           [id=15800, stack(0x000000d1a3000000,0x000000d1a3100000) (1024K)]
  0x000002c6853e8f80 WatcherThread "VM Periodic Task Thread"        [id=20516, stack(0x000000d1a2f00000,0x000000d1a3000000) (1024K)]
  0x000002c6852d7770 WorkerThread "GC Thread#0"                     [id=15632, stack(0x000000d1a2a00000,0x000000d1a2b00000) (1024K)]
  0x000002c6f0310bd0 WorkerThread "GC Thread#1"                     [id=26180, stack(0x000000d1a5300000,0x000000d1a5400000) (1024K)]
  0x000002c6f030f960 WorkerThread "GC Thread#2"                     [id=17780, stack(0x000000d1a5400000,0x000000d1a5500000) (1024K)]
  0x000002c6f07468b0 WorkerThread "GC Thread#3"                     [id=1832, stack(0x000000d1a5500000,0x000000d1a5600000) (1024K)]
  0x000002c6f0746150 WorkerThread "GC Thread#4"                     [id=23584, stack(0x000000d1a5600000,0x000000d1a5700000) (1024K)]
  0x000002c6f0745da0 WorkerThread "GC Thread#5"                     [id=2500, stack(0x000000d1a5700000,0x000000d1a5800000) (1024K)]
  0x000002c6f0745290 WorkerThread "GC Thread#6"                     [id=25236, stack(0x000000d1a5800000,0x000000d1a5900000) (1024K)]
  0x000002c6f0747770 WorkerThread "GC Thread#7"                     [id=18508, stack(0x000000d1a5900000,0x000000d1a5a00000) (1024K)]
  0x000002c6f0747ed0 WorkerThread "GC Thread#8"                     [id=2568, stack(0x000000d1a5a00000,0x000000d1a5b00000) (1024K)]
  0x000002c6f0748280 WorkerThread "GC Thread#9"                     [id=23348, stack(0x000000d1a5b00000,0x000000d1a5c00000) (1024K)]
  0x000002c6f0748630 WorkerThread "GC Thread#10"                    [id=22828, stack(0x000000d1a5c00000,0x000000d1a5d00000) (1024K)]
  0x000002c6f07489e0 WorkerThread "GC Thread#11"                    [id=16488, stack(0x000000d1a5d00000,0x000000d1a5e00000) (1024K)]
  0x000002c6f101e580 WorkerThread "GC Thread#12"                    [id=12096, stack(0x000000d1a3b00000,0x000000d1a3c00000) (1024K)]
  0x000002c6f101de20 WorkerThread "GC Thread#13"                    [id=19316, stack(0x000000d1a4f00000,0x000000d1a5000000) (1024K)]
  0x000002c6f101f7f0 WorkerThread "GC Thread#14"                    [id=25244, stack(0x000000d1a5000000,0x000000d1a5100000) (1024K)]
  0x000002c6852ec1d0 ConcurrentGCThread "G1 Main Marker"            [id=22616, stack(0x000000d1a2b00000,0x000000d1a2c00000) (1024K)]
  0x000002c6852edd00 WorkerThread "G1 Conc#0"                       [id=27444, stack(0x000000d1a2c00000,0x000000d1a2d00000) (1024K)]
  0x000002c6f101ff50 WorkerThread "G1 Conc#1"                       [id=23276, stack(0x000000d1a5100000,0x000000d1a5200000) (1024K)]
  0x000002c6f1020300 WorkerThread "G1 Conc#2"                       [id=1620, stack(0x000000d1a5200000,0x000000d1a5300000) (1024K)]
  0x000002c6f10206b0 WorkerThread "G1 Conc#3"                       [id=6060, stack(0x000000d1a5e00000,0x000000d1a5f00000) (1024K)]
  0x000002c6853d89a0 ConcurrentGCThread "G1 Refine#0"               [id=2868, stack(0x000000d1a2d00000,0x000000d1a2e00000) (1024K)]
  0x000002c6853d91d0 ConcurrentGCThread "G1 Service"                [id=8832, stack(0x000000d1a2e00000,0x000000d1a2f00000) (1024K)]
Total: 24

Threads with active compile tasks:
Total: 0

VM state: not at safepoint (normal execution)

VM Mutex/Monitor currently owned by a thread: None

Heap address: 0x0000000704000000, size: 4032 MB, Compressed Oops mode: Zero based, Oop shift amount: 3

CDS archive(s) mapped at: [0x000002c6a7000000-0x000002c6a7d40000-0x000002c6a7d40000), size 13893632, SharedBaseAddress: 0x000002c6a7000000, ArchiveRelocationMode: 1.
Compressed class space mapped at: 0x000002c6a8000000-0x000002c6e8000000, reserved size: 1073741824
UseCompressedClassPointers 1, UseCompactObjectHeaders 0
Narrow klass pointer bits 32, Max shift 3
Narrow klass base: 0x000002c6a7000000, Narrow klass shift: 0
Encoding Range: [0x000002c6a7000000 - 0x000002c7a7000000), (4294967296 bytes)
Klass Range:    [0x000002c6a7000000 - 0x000002c6e8000000), (1090519040 bytes)
Klass ID Range:  [8 - 1090519033) (1090519025)

GC Precious Log:
 CardTable entry size: 512
 Card Set container configuration: InlinePtr #cards 4 size 8 Array Of Cards #cards 16 size 48 Howl #buckets 8 coarsen threshold 3686 Howl Bitmap #cards 512 size 80 coarsen threshold 460 Card regions per heap region 1 cards per card region 4096
 CPUs: 20 total, 20 available
 Memory: 16123M
 Large Page Support: Disabled
 NUMA Support: Disabled
 Compressed Oops: Enabled (Zero based)
 Heap Region Size: 2M
 Heap Min Capacity: 8M
 Heap Initial Capacity: 252M
 Heap Max Capacity: 4032M
 Pre-touch: Disabled
 Parallel Workers: 15
 Concurrent Workers: 4
 Concurrent Refinement Workers: 15
 Periodic GC: Disabled

Heap:
 garbage-first heap   total reserved 4128768K, committed 63488K, used 29501K [0x0000000704000000, 0x0000000800000000)
  region size 2048K, 13 young (26624K), 6 survivors (12288K)
 Metaspace       used 25494K, committed 25856K, reserved 1114112K
  class space    used 3141K, committed 3264K, reserved 1048576K

Heap Regions: E=young(eden), S=young(survivor), O=old, HS=humongous(starts), HC=humongous(continues), CS=collection set, F=free, TAMS=top-at-mark-start, PB=parsable bottom
|   0|0x0000000704000000, 0x0000000704000000, 0x0000000704200000|  0%| F|  |TAMS 0x0000000704000000| PB 0x0000000704000000| Untracked |  0
|   1|0x0000000704200000, 0x0000000704400000, 0x0000000704400000|100%|HS|  |TAMS 0x0000000704200000| PB 0x0000000704200000| Complete |  0
|   2|0x0000000704400000, 0x0000000704400000, 0x0000000704600000|  0%| F|  |TAMS 0x0000000704400000| PB 0x0000000704400000| Untracked |  0
|   3|0x0000000704600000, 0x0000000704600000, 0x0000000704800000|  0%| F|  |TAMS 0x0000000704600000| PB 0x0000000704600000| Untracked |  0
|   4|0x0000000704800000, 0x0000000704800000, 0x0000000704a00000|  0%| F|  |TAMS 0x0000000704800000| PB 0x0000000704800000| Untracked |  0
|   5|0x0000000704a00000, 0x0000000704a00000, 0x0000000704c00000|  0%| F|  |TAMS 0x0000000704a00000| PB 0x0000000704a00000| Untracked |  0
|   6|0x0000000704c00000, 0x0000000704c00000, 0x0000000704e00000|  0%| F|  |TAMS 0x0000000704c00000| PB 0x0000000704c00000| Untracked |  0
|   7|0x0000000704e00000, 0x0000000704e00000, 0x0000000705000000|  0%| F|  |TAMS 0x0000000704e00000| PB 0x0000000704e00000| Untracked |  0
|   8|0x0000000705000000, 0x0000000705000000, 0x0000000705200000|  0%| F|  |TAMS 0x0000000705000000| PB 0x0000000705000000| Untracked |  0
|   9|0x0000000705200000, 0x0000000705200000, 0x0000000705400000|  0%| F|  |TAMS 0x0000000705200000| PB 0x0000000705200000| Untracked |  0
|  10|0x0000000705400000, 0x0000000705400000, 0x0000000705600000|  0%| F|  |TAMS 0x0000000705400000| PB 0x0000000705400000| Untracked |  0
|  11|0x0000000705600000, 0x0000000705600000, 0x0000000705800000|  0%| F|  |TAMS 0x0000000705600000| PB 0x0000000705600000| Untracked |  0
|  12|0x0000000705800000, 0x0000000705800000, 0x0000000705a00000|  0%| F|  |TAMS 0x0000000705800000| PB 0x0000000705800000| Untracked |  0
|  13|0x0000000705a00000, 0x0000000705a00000, 0x0000000705c00000|  0%| F|  |TAMS 0x0000000705a00000| PB 0x0000000705a00000| Untracked |  0
|  14|0x0000000705c00000, 0x0000000705c00000, 0x0000000705e00000|  0%| F|  |TAMS 0x0000000705c00000| PB 0x0000000705c00000| Untracked |  0
|  15|0x0000000705e00000, 0x0000000705e00000, 0x0000000706000000|  0%| F|  |TAMS 0x0000000705e00000| PB 0x0000000705e00000| Untracked |  0
|  16|0x0000000706000000, 0x0000000706100000, 0x0000000706200000| 50%| E|  |TAMS 0x0000000706000000| PB 0x0000000706000000| Complete |  0
|  17|0x0000000706200000, 0x0000000706400000, 0x0000000706400000|100%|HS|  |TAMS 0x0000000706200000| PB 0x0000000706200000| Complete |  0
|  18|0x0000000706400000, 0x0000000706600000, 0x0000000706600000|100%| S|CS|TAMS 0x0000000706400000| PB 0x0000000706400000| Complete |  0
|  19|0x0000000706600000, 0x0000000706800000, 0x0000000706800000|100%| S|CS|TAMS 0x0000000706600000| PB 0x0000000706600000| Complete |  1
|  20|0x0000000706800000, 0x0000000706a00000, 0x0000000706a00000|100%| S|CS|TAMS 0x0000000706800000| PB 0x0000000706800000| Complete |  0
|  21|0x0000000706a00000, 0x0000000706c00000, 0x0000000706c00000|100%| S|CS|TAMS 0x0000000706a00000| PB 0x0000000706a00000| Complete |  0
|  22|0x0000000706c00000, 0x0000000706e00000, 0x0000000706e00000|100%| S|CS|TAMS 0x0000000706c00000| PB 0x0000000706c00000| Complete |  0
|  23|0x0000000706e00000, 0x0000000706fb3180, 0x0000000707000000| 84%| S|CS|TAMS 0x0000000706e00000| PB 0x0000000706e00000| Complete |  0
|  82|0x000000070e400000, 0x000000070e600000, 0x000000070e600000|100%| E|CS|TAMS 0x000000070e400000| PB 0x000000070e400000| Complete |  0
|  83|0x000000070e600000, 0x000000070e800000, 0x000000070e800000|100%| E|CS|TAMS 0x000000070e600000| PB 0x000000070e600000| Complete |  0
|  84|0x000000070e800000, 0x000000070ea00000, 0x000000070ea00000|100%| E|CS|TAMS 0x000000070e800000| PB 0x000000070e800000| Complete |  0
|  85|0x000000070ea00000, 0x000000070ec00000, 0x000000070ec00000|100%| E|CS|TAMS 0x000000070ea00000| PB 0x000000070ea00000| Complete |  0
|  86|0x000000070ec00000, 0x000000070ee00000, 0x000000070ee00000|100%| E|CS|TAMS 0x000000070ec00000| PB 0x000000070ec00000| Complete |  0
| 125|0x0000000713a00000, 0x0000000713c00000, 0x0000000713c00000|100%| E|CS|TAMS 0x0000000713a00000| PB 0x0000000713a00000| Complete |  0
|2015|0x00000007ffe00000, 0x00000007fff1c288, 0x0000000800000000| 55%| O|Cm|TAMS 0x00000007ffe00000| PB 0x00000007ffe00000| Complete |  0

Card table byte_map: [0x000002c69ef30000,0x000002c69f710000] _byte_map_base: 0x000002c69b710000

Marking Bits: (CMBitMap*) 0x000002c6852d7d90
 Bits: [0x000002c69f710000, 0x000002c6a3610000)

Polling page: 0x000002c6834d0000

Metaspace:

Usage:
  Non-class:     21.83 MB used.
      Class:      3.07 MB used.
       Both:     24.90 MB used.

Virtual space:
  Non-class space:       64.00 MB reserved,      22.06 MB ( 34%) committed,  1 nodes.
      Class space:        1.00 GB reserved,       3.19 MB ( <1%) committed,  1 nodes.
             Both:        1.06 GB reserved,      25.25 MB (  2%) committed. 

Chunk freelists:
   Non-Class:  9.89 MB
       Class:  12.69 MB
        Both:  22.58 MB

MaxMetaspaceSize: unlimited
CompressedClassSpaceSize: 1.00 GB
Initial GC threshold: 21.00 MB
Current GC threshold: 35.12 MB
CDS: on
 - commit_granule_bytes: 65536.
 - commit_granule_words: 8192.
 - virtual_space_node_default_size: 8388608.
 - enlarge_chunks_in_place: 1.
UseCompressedClassPointers 1, UseCompactObjectHeaders 0
Narrow klass pointer bits 32, Max shift 3
Narrow klass base: 0x000002c6a7000000, Narrow klass shift: 0
Encoding Range: [0x000002c6a7000000 - 0x000002c7a7000000), (4294967296 bytes)
Klass Range:    [0x000002c6a7000000 - 0x000002c6e8000000), (1090519040 bytes)
Klass ID Range:  [8 - 1090519033) (1090519025)


Internal statistics:

num_allocs_failed_limit: 3.
num_arena_births: 420.
num_arena_deaths: 0.
num_vsnodes_births: 2.
num_vsnodes_deaths: 0.
num_space_committed: 404.
num_space_uncommitted: 0.
num_chunks_returned_to_freelist: 3.
num_chunks_taken_from_freelist: 1121.
num_chunk_merges: 3.
num_chunk_splits: 750.
num_chunks_enlarged: 542.
num_inconsistent_stats: 0.

CodeHeap 'non-profiled nmethods': size=119232Kb used=1942Kb max_used=1942Kb free=117290Kb
 bounds [0x000002c6962e0000, 0x000002c696550000, 0x000002c69d750000]
CodeHeap 'profiled nmethods': size=119104Kb used=9250Kb max_used=9250Kb free=109853Kb
 bounds [0x000002c68e750000, 0x000002c68f060000, 0x000002c695ba0000]
CodeHeap 'non-nmethods': size=7424Kb used=1784Kb max_used=3537Kb free=5639Kb
 bounds [0x000002c695ba0000, 0x000002c695f30000, 0x000002c6962e0000]
CodeCache: size=245760Kb, used=12976Kb, max_used=14729Kb, free=232782Kb
 total_blobs=5981, nmethods=5094, adapters=792, full_count=0
Compilation: enabled, stopped_count=0, restarted_count=0

Compilation events (20 events):
Event: 187.058 Thread 0x000002c6a685fe20 nmethod 5087 0x000002c68f04f608 code [0x000002c68f04f740, 0x000002c68f04f998]
Event: 187.058 Thread 0x000002c6a685fe20 5088       3       java.lang.StackFrameInfo::declaringClass (13 bytes)
Event: 187.058 Thread 0x000002c6a685fe20 nmethod 5088 0x000002c68f04fa08 code [0x000002c68f04fb20, 0x000002c68f04fe20]
Event: 187.058 Thread 0x000002c6a685fe20 5089       3       java.lang.invoke.MethodHandleImpl$1::getDeclaringClass (10 bytes)
Event: 187.058 Thread 0x000002c6a685fe20 nmethod 5089 0x000002c68f04fe88 code [0x000002c68f04ffa0, 0x000002c68f050228]
Event: 187.058 Thread 0x000002c6a685fe20 5091       3       java.lang.ClassFrameInfo::<init> (22 bytes)
Event: 187.058 Thread 0x000002c6a685fe20 nmethod 5091 0x000002c68f050288 code [0x000002c68f0503a0, 0x000002c68f050560]
Event: 187.058 Thread 0x000002c6a685fe20 5090       3       java.lang.StackStreamFactory$AbstractStackWalker::checkState (159 bytes)
Event: 187.059 Thread 0x000002c6a685fe20 nmethod 5090 0x000002c68f050588 code [0x000002c68f050800, 0x000002c68f051938]
Event: 187.059 Thread 0x000002c6a685fe20 5092       3       java.lang.Class::getDeclaredConstructor (13 bytes)
Event: 187.060 Thread 0x000002c6a685fe20 nmethod 5092 0x000002c68f051a08 code [0x000002c68f051b60, 0x000002c68f052020]
Event: 187.060 Thread 0x000002c6a685fe20 5093       3       javafx.scene.layout.Region::computeChildPrefAreaHeight (273 bytes)
Event: 187.061 Thread 0x000002c6a685ef50 nmethod 5085 0x000002c6964c4808 code [0x000002c6964c4960, 0x000002c6964c4bf8]
Event: 187.061 Thread 0x000002c6a685ef50 5086       4       com.sun.javafx.tk.quantum.QuantumToolkit$$Lambda/0x000002c6a8023e00::run (8 bytes)
Event: 187.066 Thread 0x000002c6a685fe20 nmethod 5093 0x000002c68f052088 code [0x000002c68f052820, 0x000002c68f057b68]
Event: 187.066 Thread 0x000002c6a685fe20 5094       3       javafx.scene.layout.VBox::getVgrow (10 bytes)
Event: 187.066 Thread 0x000002c6a685ef50 nmethod 5086 0x000002c6964c4d08 code [0x000002c6964c4e60, 0x000002c6964c51d0]
Event: 187.067 Thread 0x000002c6a685fe20 nmethod 5094 0x000002c68f057c88 code [0x000002c68f057e20, 0x000002c68f0588a0]
Event: 187.070 Thread 0x000002c6a685ef50 5095  s    4       com.sun.javafx.tk.quantum.QuantumToolkit::pauseTimer (93 bytes)
Event: 187.073 Thread 0x000002c6a685ef50 nmethod 5095 0x000002c6964c5288 code [0x000002c6964c53a0, 0x000002c6964c57d0]

GC Heap History (6 events):
Event: 1.058 GC heap before
{Heap before GC invocations=0 (full 0):
 garbage-first heap   total reserved 4128768K, committed 260096K, used 48240K [0x0000000704000000, 0x0000000800000000)
  region size 2048K, 24 young (49152K), 0 survivors (0K)
 Metaspace       used 8667K, committed 8832K, reserved 1114112K
  class space    used 722K, committed 832K, reserved 1048576K
}
Event: 1.061 GC heap after
{Heap after GC invocations=1 (full 0):
 garbage-first heap   total reserved 4128768K, committed 260096K, used 5292K [0x0000000704000000, 0x0000000800000000)
  region size 2048K, 3 young (6144K), 3 survivors (6144K)
 Metaspace       used 8667K, committed 8832K, reserved 1114112K
  class space    used 722K, committed 832K, reserved 1048576K
}
Event: 15.652 GC heap before
{Heap before GC invocations=1 (full 0):
 garbage-first heap   total reserved 4128768K, committed 260096K, used 76972K [0x0000000704000000, 0x0000000800000000)
  region size 2048K, 39 young (79872K), 3 survivors (6144K)
 Metaspace       used 21202K, committed 21504K, reserved 1114112K
  class space    used 2549K, committed 2688K, reserved 1048576K
}
Event: 15.667 GC heap after
{Heap after GC invocations=2 (full 0):
 garbage-first heap   total reserved 4128768K, committed 260096K, used 13021K [0x0000000704000000, 0x0000000800000000)
  region size 2048K, 5 young (10240K), 5 survivors (10240K)
 Metaspace       used 21202K, committed 21504K, reserved 1114112K
  class space    used 2549K, committed 2688K, reserved 1048576K
}
Event: 18.703 GC heap before
{Heap before GC invocations=3 (full 0):
 garbage-first heap   total reserved 4128768K, committed 51200K, used 49885K [0x0000000704000000, 0x0000000800000000)
  region size 2048K, 20 young (40960K), 5 survivors (10240K)
 Metaspace       used 24666K, committed 25024K, reserved 1114112K
  class space    used 3055K, committed 3200K, reserved 1048576K
}
Event: 18.710 GC heap after
{Heap after GC invocations=4 (full 0):
 garbage-first heap   total reserved 4128768K, committed 63488K, used 17213K [0x0000000704000000, 0x0000000800000000)
  region size 2048K, 6 young (12288K), 6 survivors (12288K)
 Metaspace       used 24666K, committed 25024K, reserved 1114112K
  class space    used 3055K, committed 3200K, reserved 1048576K
}

Dll operation events (20 events):
Event: 0.550 Loaded shared library C:\Users\Alessandro\.openjfx\cache\23.0.1+4\amd64\api-ms-win-crt-private-l1-1-0.dll
Event: 0.552 Loaded shared library C:\Users\Alessandro\.openjfx\cache\23.0.1+4\amd64\api-ms-win-crt-process-l1-1-0.dll
Event: 0.554 Loaded shared library C:\Users\Alessandro\.openjfx\cache\23.0.1+4\amd64\api-ms-win-crt-runtime-l1-1-0.dll
Event: 0.555 Loaded shared library C:\Users\Alessandro\.openjfx\cache\23.0.1+4\amd64\api-ms-win-crt-stdio-l1-1-0.dll
Event: 0.557 Loaded shared library C:\Users\Alessandro\.openjfx\cache\23.0.1+4\amd64\api-ms-win-crt-string-l1-1-0.dll
Event: 0.559 Loaded shared library C:\Users\Alessandro\.openjfx\cache\23.0.1+4\amd64\api-ms-win-crt-time-l1-1-0.dll
Event: 0.561 Loaded shared library C:\Users\Alessandro\.openjfx\cache\23.0.1+4\amd64\api-ms-win-crt-utility-l1-1-0.dll
Event: 0.575 Loaded shared library C:\Users\Alessandro\.openjfx\cache\23.0.1+4\amd64\ucrtbase.dll
Event: 0.578 Loaded shared library C:\Users\Alessandro\.openjfx\cache\23.0.1+4\amd64\vcruntime140.dll
Event: 0.581 Loaded shared library C:\Users\Alessandro\.openjfx\cache\23.0.1+4\amd64\vcruntime140_1.dll
Event: 0.588 Loaded shared library C:\Users\Alessandro\.openjfx\cache\23.0.1+4\amd64\msvcp140.dll
Event: 0.590 Loaded shared library C:\Users\Alessandro\.openjfx\cache\23.0.1+4\amd64\msvcp140_1.dll
Event: 0.594 Loaded shared library C:\Users\Alessandro\.openjfx\cache\23.0.1+4\amd64\msvcp140_2.dll
Event: 0.633 Loaded shared library C:\Users\Alessandro\.openjfx\cache\23.0.1+4\amd64\prism_d3d.dll
Event: 0.760 Loaded shared library C:\Users\Alessandro\.openjfx\cache\23.0.1+4\amd64\glass.dll
Event: 0.903 Loaded shared library C:\Users\Alessandro\.jdks\openjdk-24.0.1\bin\jimage.dll
Event: 0.986 Loaded shared library C:\Users\Alessandro\.jdks\openjdk-24.0.1\bin\rmi.dll
Event: 1.505 Loaded shared library C:\Users\Alessandro\.openjfx\cache\23.0.1+4\amd64\javafx_font.dll
Event: 18.536 Loaded shared library C:\Users\Alessandro\.openjfx\cache\23.0.1+4\amd64\javafx_iio.dll
Event: 187.062 Loaded shared library C:\Users\Alessandro\AppData\Local\Temp\idea_libasyncProfiler_dll_temp_folder6\libasyncProfiler.dll

Deoptimization events (20 events):
Event: 187.041 Thread 0x000002c6ed782a80 DEOPT PACKING pc=0x000002c6964a46ac sp=0x000000d1a3efe220
Event: 187.041 Thread 0x000002c6ed782a80 DEOPT UNPACKING pc=0x000002c695d52802 sp=0x000000d1a3efe190 mode 2
Event: 187.041 Thread 0x000002c6ed782a80 Uncommon trap: trap_request=0xffffffde fr.pc=0x000002c6964a46ac relative=0x000000000000040c
Event: 187.041 Thread 0x000002c6ed782a80 Uncommon trap: reason=class_check action=maybe_recompile pc=0x000002c6964a46ac method=javafx.scene.Node.updateLocalToParentTransform()V @ 11 c2
Event: 187.041 Thread 0x000002c6ed782a80 DEOPT PACKING pc=0x000002c6964a46ac sp=0x000000d1a3efe2a0
Event: 187.041 Thread 0x000002c6ed782a80 DEOPT UNPACKING pc=0x000002c695d52802 sp=0x000000d1a3efe210 mode 2
Event: 187.051 Thread 0x000002c6ed782a80 DEOPT PACKING pc=0x000002c68edd0b09 sp=0x000000d1a3efde10
Event: 187.051 Thread 0x000002c6ed782a80 DEOPT UNPACKING pc=0x000002c695bf5722 sp=0x000000d1a3efd2d0 mode 1
Event: 187.051 Thread 0x000002c6ed782a80 DEOPT PACKING pc=0x000002c68edd0b09 sp=0x000000d1a3efdf80
Event: 187.051 Thread 0x000002c6ed782a80 DEOPT UNPACKING pc=0x000002c695bf5722 sp=0x000000d1a3efd440 mode 1
Event: 187.053 Thread 0x000002c6ed782a80 DEOPT PACKING pc=0x000002c68edd0b09 sp=0x000000d1a3efdda0
Event: 187.053 Thread 0x000002c6ed782a80 DEOPT UNPACKING pc=0x000002c695bf5722 sp=0x000000d1a3efd260 mode 1
Event: 187.057 Thread 0x000002c6ed782a80 DEOPT PACKING pc=0x000002c68edd0b09 sp=0x000000d1a3efde10
Event: 187.057 Thread 0x000002c6ed782a80 DEOPT UNPACKING pc=0x000002c695bf5722 sp=0x000000d1a3efd2d0 mode 1
Event: 187.057 Thread 0x000002c6ed782a80 DEOPT PACKING pc=0x000002c68edd0b09 sp=0x000000d1a3efdda0
Event: 187.057 Thread 0x000002c6ed782a80 DEOPT UNPACKING pc=0x000002c695bf5722 sp=0x000000d1a3efd260 mode 1
Event: 187.058 Thread 0x000002c6ed782a80 DEOPT PACKING pc=0x000002c68edd0b09 sp=0x000000d1a3efde10
Event: 187.058 Thread 0x000002c6ed782a80 DEOPT UNPACKING pc=0x000002c695bf5722 sp=0x000000d1a3efd2d0 mode 1
Event: 187.058 Thread 0x000002c6ed782a80 DEOPT PACKING pc=0x000002c68edd0b09 sp=0x000000d1a3efdda0
Event: 187.058 Thread 0x000002c6ed782a80 DEOPT UNPACKING pc=0x000002c695bf5722 sp=0x000000d1a3efd260 mode 1

Classes loaded (20 events):
Event: 187.044 Loading class sun/nio/ch/SocketOptionRegistry
Event: 187.044 Loading class sun/nio/ch/SocketOptionRegistry done
Event: 187.044 Loading class sun/nio/ch/SocketOptionRegistry$RegistryKey
Event: 187.044 Loading class sun/nio/ch/SocketOptionRegistry$RegistryKey done
Event: 187.044 Loading class sun/nio/ch/SocketOptionRegistry$LazyInitialization
Event: 187.044 Loading class sun/nio/ch/SocketOptionRegistry$LazyInitialization done
Event: 187.044 Loading class sun/nio/ch/OptionKey
Event: 187.044 Loading class sun/nio/ch/OptionKey done
Event: 187.044 Loading class sun/nio/ch/ExtendedSocketOption
Event: 187.044 Loading class sun/nio/ch/ExtendedSocketOption done
Event: 187.045 Loading class sun/nio/ch/ExtendedSocketOption$1
Event: 187.045 Loading class sun/nio/ch/ExtendedSocketOption$1 done
Event: 187.050 Loading class java/net/SocketException
Event: 187.050 Loading class java/util/IdentityHashMap$KeyIterator
Event: 187.050 Loading class java/net/SocketException done
Event: 187.050 Loading class java/util/IdentityHashMap$KeyIterator done
Event: 187.051 Loading class java/io/InterruptedIOException
Event: 187.051 Loading class java/io/InterruptedIOException done
Event: 187.052 Loading class java/io/PrintWriter
Event: 187.052 Loading class java/io/PrintWriter done

Classes unloaded (0 events):
No events

Classes redefined (1 events):
Event: 0.351 Thread 0x000002c6a6845a20 redefined class name=java.lang.Throwable, count=1

Internal exceptions (20 events):
Event: 18.342 Thread 0x000002c6ec5188f0 Exception <a 'java/lang/NoSuchMethodError'{0x0000000705804f90}: 'float java.lang.invoke.DelegatingMethodHandle$Holder.reinvoke_L(java.lang.Object, java.lang.Object, int)'> (0x0000000705804f90) 
thrown [s\open\src\hotspot\share\interpreter\linkResolver.cpp, line 805]
Event: 18.345 Thread 0x000002c6ec5188f0 Exception <a 'java/lang/NoSuchMethodError'{0x000000070582fe70}: 'java.lang.Object java.lang.invoke.DirectMethodHandle$Holder.invokeStatic(java.lang.Object, java.lang.Object, java.lang.Object, java.lang.Object, java.lang.Object, java.lang.Object, java.lang.Object, java.lang.Object, java.lang.Object, java.lang.Object, java.lang.Object, java.lang.Object)'> (0x000000070582fe70) 
thrown [s\open\src\hotspot\share\interpreter\linkResolver.cpp, line 805]
Event: 18.348 Thread 0x000002c6ec5188f0 Exception <a 'java/lang/NoSuchMethodError'{0x0000000705861848}: 'java.lang.Object java.lang.invoke.DirectMethodHandle$Holder.invokeStatic(java.lang.Object, java.lang.Object, java.lang.Object, java.lang.Object, java.lang.Object, java.lang.Object, java.lang.Object, java.lang.Object, java.lang.Object, java.lang.Object, java.lang.Object, java.lang.Object, java.lang.Object)'> (0x0000000705861848) 
thrown [s\open\src\hotspot\share\interpreter\linkResolver.cpp, line 805]
Event: 18.353 Thread 0x000002c6ec5188f0 Exception <a 'java/lang/NoSuchMethodError'{0x000000070588bc70}: 'java.lang.Object java.lang.invoke.DirectMethodHandle$Holder.invokeStatic(java.lang.Object, java.lang.Object, java.lang.Object, java.lang.Object, java.lang.Object, java.lang.Object, java.lang.Object, java.lang.Object, java.lang.Object, java.lang.Object, java.lang.Object, java.lang.Object, java.lang.Object, java.lang.Object)'> (0x000000070588bc70) 
thrown [s\open\src\hotspot\share\interpreter\linkResolver.cpp, line 805]
Event: 18.354 Thread 0x000002c6ec5188f0 Exception <a 'java/lang/NoSuchMethodError'{0x00000007058b73b0}: 'java.lang.Object java.lang.invoke.DirectMethodHandle$Holder.invokeStatic(java.lang.Object, java.lang.Object, java.lang.Object, java.lang.Object, java.lang.Object, java.lang.Object, java.lang.Object, java.lang.Object, java.lang.Object, java.lang.Object, java.lang.Object, java.lang.Object, java.lang.Object, java.lang.Object, java.lang.Object)'> (0x00000007058b73b0) 
thrown [s\open\src\hotspot\share\interpreter\linkResolver.cpp, line 805]
Event: 18.367 Thread 0x000002c6ec5188f0 Exception <a 'java/lang/NoSuchMethodError'{0x00000007059f78f0}: static Ljava/lang/Object;.<clinit>()V> (0x00000007059f78f0) 
thrown [s\open\src\hotspot\share\prims\jni.cpp, line 1108]
Event: 18.369 Thread 0x000002c6ec5188f0 Exception <a 'java/lang/NoSuchMethodError'{0x00000007056023f8}: static Lit/polimi/ingsw/gc20/client/view/common/localmodel/ViewPlayer;.<clinit>()V> (0x00000007056023f8) 
thrown [s\open\src\hotspot\share\prims\jni.cpp, line 1108]
Event: 18.371 Thread 0x000002c6ec5188f0 Exception <a 'java/lang/NoSuchMethodError'{0x000000070560a480}: 'java.lang.Object java.lang.invoke.DirectMethodHandle$Holder.newInvokeSpecial(java.lang.Object, java.lang.Object, int, java.lang.Object, java.lang.Object)'> (0x000000070560a480) 
thrown [s\open\src\hotspot\share\interpreter\linkResolver.cpp, line 805]
Event: 18.374 Thread 0x000002c6ec5188f0 Exception <a 'java/lang/NoSuchMethodError'{0x000000070561e4d8}: 'java.lang.Object java.lang.invoke.DirectMethodHandle$Holder.invokeSpecial(java.lang.Object, java.lang.Object, java.lang.Object, int, java.lang.Object, java.lang.Object)'> (0x000000070561e4d8) 
thrown [s\open\src\hotspot\share\interpreter\linkResolver.cpp, line 805]
Event: 18.374 Thread 0x000002c6ec5188f0 Exception <a 'java/lang/NoSuchMethodError'{0x00000007056264f8}: 'java.lang.Object java.lang.invoke.DelegatingMethodHandle$Holder.reinvoke_L(java.lang.Object, java.lang.Object, int, java.lang.Object, java.lang.Object)'> (0x00000007056264f8) 
thrown [s\open\src\hotspot\share\interpreter\linkResolver.cpp, line 805]
Event: 18.381 Thread 0x000002c6ec5188f0 Exception <a 'java/lang/NoSuchMethodError'{0x0000000705666690}: static Lit/polimi/ingsw/gc20/client/view/common/localmodel/components/ViewBattery;.<clinit>()V> (0x0000000705666690) 
thrown [s\open\src\hotspot\share\prims\jni.cpp, line 1108]
Event: 18.532 Thread 0x000002c6ed782a80 Exception <a 'java/io/FileNotFoundException'{0x0000000704f9e440}> (0x0000000704f9e440) 
thrown [s\open\src\hotspot\share\prims\jni.cpp, line 518]
Event: 18.533 Thread 0x000002c6ed782a80 Exception <a 'java/io/IOException'{0x0000000704fb6d60}> (0x0000000704fb6d60) 
thrown [s\open\src\hotspot\share\prims\jni.cpp, line 518]
Event: 18.607 Thread 0x000002c6ed782a80 Exception <a 'java/io/FileNotFoundException'{0x0000000704af1ad0}> (0x0000000704af1ad0) 
thrown [s\open\src\hotspot\share\prims\jni.cpp, line 518]
Event: 18.612 Thread 0x000002c6ed782a80 Exception <a 'java/lang/NoSuchMethodError'{0x0000000704b07300}: 'java.lang.Object java.lang.invoke.DirectMethodHandle$Holder.newInvokeSpecial(java.lang.Object, java.lang.Object, double)'> (0x0000000704b07300) 
thrown [s\open\src\hotspot\share\interpreter\linkResolver.cpp, line 805]
Event: 18.621 Thread 0x000002c6ed782a80 Exception <a 'java/lang/NoSuchMethodError'{0x0000000704bc5490}: 'java.lang.Object java.lang.invoke.DirectMethodHandle$Holder.invokeSpecial(java.lang.Object, java.lang.Object, double, double)'> (0x0000000704bc5490) 
thrown [s\open\src\hotspot\share\interpreter\linkResolver.cpp, line 805]
Event: 18.621 Thread 0x000002c6ed782a80 Exception <a 'java/lang/NoSuchMethodError'{0x0000000704bd58d8}: 'java.lang.Object java.lang.invoke.DelegatingMethodHandle$Holder.reinvoke_L(java.lang.Object, java.lang.Object, double, double)'> (0x0000000704bd58d8) 
thrown [s\open\src\hotspot\share\interpreter\linkResolver.cpp, line 805]
Event: 18.626 Thread 0x000002c6ed782a80 Exception <a 'sun/nio/fs/WindowsException'{0x000000070480cd28}> (0x000000070480cd28) 
thrown [s\open\src\hotspot\share\prims\jni.cpp, line 518]
Event: 25.665 Thread 0x000002c6ed782a80 Exception <a 'java/lang/NoSuchMethodError'{0x000000070e6f29d8}: 'java.lang.Object java.lang.invoke.DelegatingMethodHandle$Holder.reinvoke_L(java.lang.Object, java.lang.Object, double, double, java.lang.Object)'> (0x000000070e6f29d8) 
thrown [s\open\src\hotspot\share\interpreter\linkResolver.cpp, line 805]
Event: 25.671 Thread 0x000002c6ed782a80 Exception <a 'java/lang/NoSuchMethodError'{0x000000070e519890}: 'java.lang.Object java.lang.invoke.DelegatingMethodHandle$Holder.reinvoke_L(java.lang.Object, java.lang.Object, float, int, int, java.lang.Object)'> (0x000000070e519890) 
thrown [s\open\src\hotspot\share\interpreter\linkResolver.cpp, line 805]

VM Operations (20 events):
Event: 90.114 Executing VM operation: ChangeBreakpoints
Event: 90.114 Executing VM operation: ChangeBreakpoints done
Event: 90.116 Executing VM operation: ChangeBreakpoints
Event: 90.121 Executing VM operation: ChangeBreakpoints done
Event: 107.954 Executing VM operation: ChangeBreakpoints
Event: 107.954 Executing VM operation: ChangeBreakpoints done
Event: 107.961 Executing VM operation: ChangeBreakpoints
Event: 107.961 Executing VM operation: ChangeBreakpoints done
Event: 134.873 Executing VM operation: get/set locals
Event: 134.873 Executing VM operation: get/set locals done
Event: 158.984 Executing VM operation: ChangeBreakpoints
Event: 158.988 Executing VM operation: ChangeBreakpoints done
Event: 160.555 Executing VM operation: get/set locals
Event: 160.556 Executing VM operation: get/set locals done
Event: 161.760 Executing VM operation: ChangeBreakpoints
Event: 161.760 Executing VM operation: ChangeBreakpoints done
Event: 161.763 Executing VM operation: ChangeBreakpoints
Event: 161.768 Executing VM operation: ChangeBreakpoints done
Event: 187.043 Executing VM operation: HandshakeAllThreads (Deoptimize)
Event: 187.043 Executing VM operation: HandshakeAllThreads (Deoptimize) done

Memory protections (0 events):
No events

Nmethod flushes (0 events):
No events

Events (20 events):
Event: 13.610 Thread 0x000002c6a685fe20 Thread added: 0x000002c6ecb0a450
Event: 13.610 Thread 0x000002c6a685fe20 Thread added: 0x000002c6ecb0abe0
Event: 14.082 Thread 0x000002c6f73cb8d0 Thread exited: 0x000002c6f73cb8d0
Event: 15.602 Thread 0x000002c6ecb0abe0 Thread exited: 0x000002c6ecb0abe0
Event: 15.607 Thread 0x000002c6ecb0a450 Thread exited: 0x000002c6ecb0a450
Event: 15.706 Thread 0x000002c6ed782a80 Thread added: 0x000002c6ec5188f0
Event: 15.737 Thread 0x000002c6f73ce630 Thread added: 0x000002c6ecb0a450
Event: 15.756 Thread 0x000002c6a685fe20 Thread added: 0x000002c6ecb0abe0
Event: 15.784 Thread 0x000002c6a685fe20 Thread added: 0x000002c6ecb08da0
Event: 15.942 Thread 0x000002c6ecb0abe0 Thread exited: 0x000002c6ecb0abe0
Event: 15.942 Thread 0x000002c6ecb0a450 Thread exited: 0x000002c6ecb0a450
Event: 18.339 Thread 0x000002c6f73ce630 Thread added: 0x000002c6ecb0d1b0
Event: 18.458 Thread 0x000002c6ecb08da0 Thread added: 0x000002c6ecb0f780
Event: 18.654 Thread 0x000002c6a685fe20 Thread added: 0x000002c6ec592b70
Event: 19.004 Thread 0x000002c6ecb0f780 Thread exited: 0x000002c6ecb0f780
Event: 19.012 Thread 0x000002c6ecb0d1b0 Thread exited: 0x000002c6ecb0d1b0
Event: 19.619 Thread 0x000002c6ec592b70 Thread exited: 0x000002c6ec592b70
Event: 24.527 Thread 0x000002c6ecb08da0 Thread exited: 0x000002c6ecb08da0
Event: 24.527 Thread 0x000002c6f73ce630 Thread exited: 0x000002c6f73ce630
Event: 187.051 Thread 0x000002c6ec5188f0 Thread exited: 0x000002c6ec5188f0


Dynamic libraries:
0x00007ff658b80000 - 0x00007ff658b8e000 	C:\Users\Alessandro\.jdks\openjdk-24.0.1\bin\java.exe
0x00007ffde5e20000 - 0x00007ffde6086000 	C:\WINDOWS\SYSTEM32\ntdll.dll
0x00007ffde4e00000 - 0x00007ffde4ec9000 	C:\WINDOWS\System32\KERNEL32.DLL
0x00007ffde3250000 - 0x00007ffde361c000 	C:\WINDOWS\System32\KERNELBASE.dll
0x00007ffde2fb0000 - 0x00007ffde30fb000 	C:\WINDOWS\System32\ucrtbase.dll
0x00007ffddda30000 - 0x00007ffddda46000 	C:\Users\Alessandro\.jdks\openjdk-24.0.1\bin\jli.dll
0x00007ffde5c10000 - 0x00007ffde5dda000 	C:\WINDOWS\System32\USER32.dll
0x00007ffddda50000 - 0x00007ffddda6b000 	C:\Users\Alessandro\.jdks\openjdk-24.0.1\bin\VCRUNTIME140.dll
0x00007ffde3620000 - 0x00007ffde3647000 	C:\WINDOWS\System32\win32u.dll
0x00007ffde4550000 - 0x00007ffde457b000 	C:\WINDOWS\System32\GDI32.dll
0x00007ffdbf2b0000 - 0x00007ffdbf54a000 	C:\WINDOWS\WinSxS\amd64_microsoft.windows.common-controls_6595b64144ccf1df_6.0.26100.3912_none_3e07963ce335137e\COMCTL32.dll
0x00007ffde3aa0000 - 0x00007ffde3bd2000 	C:\WINDOWS\System32\gdi32full.dll
0x00007ffde59f0000 - 0x00007ffde5a99000 	C:\WINDOWS\System32\msvcrt.dll
0x00007ffde3100000 - 0x00007ffde31a3000 	C:\WINDOWS\System32\msvcp_win.dll
0x00007ffde4300000 - 0x00007ffde4330000 	C:\WINDOWS\System32\IMM32.DLL
0x00007ffddda00000 - 0x00007ffddda0c000 	C:\Users\Alessandro\.jdks\openjdk-24.0.1\bin\vcruntime140_1.dll
0x00007ffdcd3f0000 - 0x00007ffdcd47e000 	C:\Users\Alessandro\.jdks\openjdk-24.0.1\bin\msvcp140.dll
0x00007ffd6d450000 - 0x00007ffd6e1f2000 	C:\Users\Alessandro\.jdks\openjdk-24.0.1\bin\server\jvm.dll
0x00007ffde3be0000 - 0x00007ffde3c92000 	C:\WINDOWS\System32\ADVAPI32.dll
0x00007ffde5b60000 - 0x00007ffde5c06000 	C:\WINDOWS\System32\sechost.dll
0x00007ffde4580000 - 0x00007ffde4696000 	C:\WINDOWS\System32\RPCRT4.dll
0x00007ffde4440000 - 0x00007ffde44b4000 	C:\WINDOWS\System32\WS2_32.dll
0x00007ffde2600000 - 0x00007ffde265e000 	C:\WINDOWS\SYSTEM32\POWRPROF.dll
0x00007ffdd7910000 - 0x00007ffdd7946000 	C:\WINDOWS\SYSTEM32\WINMM.dll
0x00007ffddadc0000 - 0x00007ffddadcb000 	C:\WINDOWS\SYSTEM32\VERSION.dll
0x00007ffde25e0000 - 0x00007ffde25f4000 	C:\WINDOWS\SYSTEM32\UMPDC.dll
0x00007ffde1d30000 - 0x00007ffde1d4a000 	C:\WINDOWS\SYSTEM32\kernel.appcore.dll
0x00007ffddd9f0000 - 0x00007ffddd9fa000 	C:\Users\Alessandro\.jdks\openjdk-24.0.1\bin\jimage.dll
0x00007ffde0610000 - 0x00007ffde0851000 	C:\WINDOWS\SYSTEM32\DBGHELP.DLL
0x00007ffde3ca0000 - 0x00007ffde4024000 	C:\WINDOWS\System32\combase.dll
0x00007ffde4210000 - 0x00007ffde42f0000 	C:\WINDOWS\System32\OLEAUT32.dll
0x00007ffdb46b0000 - 0x00007ffdb46e9000 	C:\WINDOWS\SYSTEM32\dbgcore.DLL
0x00007ffde31b0000 - 0x00007ffde3249000 	C:\WINDOWS\System32\bcryptPrimitives.dll
0x00007ffdc8d10000 - 0x00007ffdc8d4c000 	C:\Users\Alessandro\.jdks\openjdk-24.0.1\bin\jdwp.dll
0x00007ffddd9b0000 - 0x00007ffddd9bf000 	C:\Users\Alessandro\.jdks\openjdk-24.0.1\bin\instrument.dll
0x00007ffddd9d0000 - 0x00007ffddd9ee000 	C:\Users\Alessandro\.jdks\openjdk-24.0.1\bin\java.dll
0x00007ffde5140000 - 0x00007ffde52df000 	C:\WINDOWS\System32\ole32.dll
0x00007ffde46d0000 - 0x00007ffde4dfd000 	C:\WINDOWS\System32\SHELL32.dll
0x00007ffde3890000 - 0x00007ffde3a04000 	C:\WINDOWS\System32\wintypes.dll
0x00007ffd70d80000 - 0x00007ffd70f78000 	C:\Users\Alessandro\AppData\Local\Temp\idea_libasyncProfiler_dll_temp_folder6\libasyncProfiler.dll
0x00007ffdcd3d0000 - 0x00007ffdcd3e7000 	C:\Users\Alessandro\.jdks\openjdk-24.0.1\bin\zip.dll
0x00007ffde0be0000 - 0x00007ffde1436000 	C:\WINDOWS\SYSTEM32\windows.storage.dll
0x00007ffde4340000 - 0x00007ffde442f000 	C:\WINDOWS\System32\SHCORE.dll
0x00007ffde5810000 - 0x00007ffde5879000 	C:\WINDOWS\System32\shlwapi.dll
0x00007ffde2ec0000 - 0x00007ffde2eef000 	C:\WINDOWS\SYSTEM32\profapi.dll
0x00007ffdcae40000 - 0x00007ffdcaf17000 	C:\Users\Alessandro\.jdks\openjdk-24.0.1\bin\jsvml.dll
0x00007ffddd9c0000 - 0x00007ffddd9d0000 	C:\Users\Alessandro\.jdks\openjdk-24.0.1\bin\net.dll
0x00007ffde22f0000 - 0x00007ffde235a000 	C:\WINDOWS\system32\mswsock.dll
0x00007ffddc5f0000 - 0x00007ffddc606000 	C:\Users\Alessandro\.jdks\openjdk-24.0.1\bin\nio.dll
0x00007ffddda90000 - 0x00007ffddda9c000 	C:\Users\Alessandro\.jdks\openjdk-24.0.1\bin\dt_socket.dll
0x00007ffde1890000 - 0x00007ffde18c3000 	C:\WINDOWS\SYSTEM32\IPHLPAPI.DLL
0x000002c683530000 - 0x000002c683533000 	C:\Users\Alessandro\.openjfx\cache\23.0.1+4\amd64\api-ms-win-core-console-l1-1-0.dll
0x000002c683540000 - 0x000002c683543000 	C:\Users\Alessandro\.openjfx\cache\23.0.1+4\amd64\api-ms-win-core-console-l1-2-0.dll
0x000002c684e30000 - 0x000002c684e33000 	C:\Users\Alessandro\.openjfx\cache\23.0.1+4\amd64\api-ms-win-core-datetime-l1-1-0.dll
0x000002c684e40000 - 0x000002c684e43000 	C:\Users\Alessandro\.openjfx\cache\23.0.1+4\amd64\api-ms-win-core-debug-l1-1-0.dll
0x000002c684e50000 - 0x000002c684e53000 	C:\Users\Alessandro\.openjfx\cache\23.0.1+4\amd64\api-ms-win-core-errorhandling-l1-1-0.dll
0x000002c6855e0000 - 0x000002c6855e4000 	C:\Users\Alessandro\.openjfx\cache\23.0.1+4\amd64\api-ms-win-core-file-l1-1-0.dll
0x000002c6855f0000 - 0x000002c6855f3000 	C:\Users\Alessandro\.openjfx\cache\23.0.1+4\amd64\api-ms-win-core-file-l1-2-0.dll
0x000002c685600000 - 0x000002c685603000 	C:\Users\Alessandro\.openjfx\cache\23.0.1+4\amd64\api-ms-win-core-file-l2-1-0.dll
0x000002c685610000 - 0x000002c685613000 	C:\Users\Alessandro\.openjfx\cache\23.0.1+4\amd64\api-ms-win-core-handle-l1-1-0.dll
0x000002c685620000 - 0x000002c685623000 	C:\Users\Alessandro\.openjfx\cache\23.0.1+4\amd64\api-ms-win-core-heap-l1-1-0.dll
0x000002c685630000 - 0x000002c685633000 	C:\Users\Alessandro\.openjfx\cache\23.0.1+4\amd64\api-ms-win-core-interlocked-l1-1-0.dll
0x000002c685640000 - 0x000002c685643000 	C:\Users\Alessandro\.openjfx\cache\23.0.1+4\amd64\api-ms-win-core-libraryloader-l1-1-0.dll
0x000002c685650000 - 0x000002c685653000 	C:\Users\Alessandro\.openjfx\cache\23.0.1+4\amd64\api-ms-win-core-localization-l1-2-0.dll
0x000002c685660000 - 0x000002c685663000 	C:\Users\Alessandro\.openjfx\cache\23.0.1+4\amd64\api-ms-win-core-memory-l1-1-0.dll
0x000002c6a6b10000 - 0x000002c6a6b13000 	C:\Users\Alessandro\.openjfx\cache\23.0.1+4\amd64\api-ms-win-core-namedpipe-l1-1-0.dll
0x000002c6a6b20000 - 0x000002c6a6b23000 	C:\Users\Alessandro\.openjfx\cache\23.0.1+4\amd64\api-ms-win-core-processenvironment-l1-1-0.dll
0x000002c6a6b30000 - 0x000002c6a6b33000 	C:\Users\Alessandro\.openjfx\cache\23.0.1+4\amd64\api-ms-win-core-processthreads-l1-1-0.dll
0x000002c6a6b40000 - 0x000002c6a6b43000 	C:\Users\Alessandro\.openjfx\cache\23.0.1+4\amd64\api-ms-win-core-processthreads-l1-1-1.dll
0x000002c6a6b50000 - 0x000002c6a6b53000 	C:\Users\Alessandro\.openjfx\cache\23.0.1+4\amd64\api-ms-win-core-profile-l1-1-0.dll
0x000002c6a6b60000 - 0x000002c6a6b63000 	C:\Users\Alessandro\.openjfx\cache\23.0.1+4\amd64\api-ms-win-core-rtlsupport-l1-1-0.dll
0x000002c6a6b70000 - 0x000002c6a6b73000 	C:\Users\Alessandro\.openjfx\cache\23.0.1+4\amd64\api-ms-win-core-string-l1-1-0.dll
0x000002c6a6b80000 - 0x000002c6a6b83000 	C:\Users\Alessandro\.openjfx\cache\23.0.1+4\amd64\api-ms-win-core-synch-l1-1-0.dll
0x000002c6a6b90000 - 0x000002c6a6b93000 	C:\Users\Alessandro\.openjfx\cache\23.0.1+4\amd64\api-ms-win-core-synch-l1-2-0.dll
0x000002c6a6ba0000 - 0x000002c6a6ba3000 	C:\Users\Alessandro\.openjfx\cache\23.0.1+4\amd64\api-ms-win-core-sysinfo-l1-1-0.dll
0x000002c6a6bb0000 - 0x000002c6a6bb3000 	C:\Users\Alessandro\.openjfx\cache\23.0.1+4\amd64\api-ms-win-core-timezone-l1-1-0.dll
0x000002c6a6bc0000 - 0x000002c6a6bc3000 	C:\Users\Alessandro\.openjfx\cache\23.0.1+4\amd64\api-ms-win-core-util-l1-1-0.dll
0x000002c6a6bd0000 - 0x000002c6a6bd3000 	C:\Users\Alessandro\.openjfx\cache\23.0.1+4\amd64\api-ms-win-crt-conio-l1-1-0.dll
0x000002c6a6be0000 - 0x000002c6a6be4000 	C:\Users\Alessandro\.openjfx\cache\23.0.1+4\amd64\api-ms-win-crt-convert-l1-1-0.dll
0x000002c6a6bf0000 - 0x000002c6a6bf3000 	C:\Users\Alessandro\.openjfx\cache\23.0.1+4\amd64\api-ms-win-crt-environment-l1-1-0.dll
0x000002c6a6c00000 - 0x000002c6a6c03000 	C:\Users\Alessandro\.openjfx\cache\23.0.1+4\amd64\api-ms-win-crt-filesystem-l1-1-0.dll
0x000002c6a6c10000 - 0x000002c6a6c13000 	C:\Users\Alessandro\.openjfx\cache\23.0.1+4\amd64\api-ms-win-crt-heap-l1-1-0.dll
0x000002c6a6c20000 - 0x000002c6a6c23000 	C:\Users\Alessandro\.openjfx\cache\23.0.1+4\amd64\api-ms-win-crt-locale-l1-1-0.dll
0x000002c6a6c30000 - 0x000002c6a6c35000 	C:\Users\Alessandro\.openjfx\cache\23.0.1+4\amd64\api-ms-win-crt-math-l1-1-0.dll
0x000002c6a6c40000 - 0x000002c6a6c45000 	C:\Users\Alessandro\.openjfx\cache\23.0.1+4\amd64\api-ms-win-crt-multibyte-l1-1-0.dll
0x000002c6a6c50000 - 0x000002c6a6c60000 	C:\Users\Alessandro\.openjfx\cache\23.0.1+4\amd64\api-ms-win-crt-private-l1-1-0.dll
0x000002c6a6c60000 - 0x000002c6a6c63000 	C:\Users\Alessandro\.openjfx\cache\23.0.1+4\amd64\api-ms-win-crt-process-l1-1-0.dll
0x000002c6a6c70000 - 0x000002c6a6c74000 	C:\Users\Alessandro\.openjfx\cache\23.0.1+4\amd64\api-ms-win-crt-runtime-l1-1-0.dll
0x000002c6a6c80000 - 0x000002c6a6c84000 	C:\Users\Alessandro\.openjfx\cache\23.0.1+4\amd64\api-ms-win-crt-stdio-l1-1-0.dll
0x000002c6a6c90000 - 0x000002c6a6c94000 	C:\Users\Alessandro\.openjfx\cache\23.0.1+4\amd64\api-ms-win-crt-string-l1-1-0.dll
0x000002c6a6ca0000 - 0x000002c6a6ca3000 	C:\Users\Alessandro\.openjfx\cache\23.0.1+4\amd64\api-ms-win-crt-time-l1-1-0.dll
0x000002c6a6cb0000 - 0x000002c6a6cb3000 	C:\Users\Alessandro\.openjfx\cache\23.0.1+4\amd64\api-ms-win-crt-utility-l1-1-0.dll
0x00007ffdac1c0000 - 0x00007ffdac2bc000 	C:\Users\Alessandro\.openjfx\cache\23.0.1+4\amd64\ucrtbase.dll
0x00007ffdcb140000 - 0x00007ffdcb15b000 	C:\Users\Alessandro\.openjfx\cache\23.0.1+4\amd64\vcruntime140.dll
0x00007ffddda70000 - 0x00007ffddda7c000 	C:\Users\Alessandro\.openjfx\cache\23.0.1+4\amd64\vcruntime140_1.dll
0x00007ffdc8bf0000 - 0x00007ffdc8c7e000 	C:\Users\Alessandro\.openjfx\cache\23.0.1+4\amd64\msvcp140.dll
0x00007ffdcd3c0000 - 0x00007ffdcd3c9000 	C:\Users\Alessandro\.openjfx\cache\23.0.1+4\amd64\msvcp140_1.dll
0x00007ffdc2630000 - 0x00007ffdc2671000 	C:\Users\Alessandro\.openjfx\cache\23.0.1+4\amd64\msvcp140_2.dll
0x00007ffdcac70000 - 0x00007ffdcaca0000 	C:\Users\Alessandro\.openjfx\cache\23.0.1+4\amd64\prism_d3d.dll
0x00007ffdaa8d0000 - 0x00007ffdaaa85000 	C:\WINDOWS\system32\d3d9.dll
0x00007ffddffd0000 - 0x00007ffde0006000 	C:\WINDOWS\SYSTEM32\dwmapi.dll
0x00007ffde0020000 - 0x00007ffde0067000 	C:\WINDOWS\SYSTEM32\dxcore.dll
0x00007ffddfc60000 - 0x00007ffddfd0f000 	C:\WINDOWS\system32\uxtheme.dll
0x00007ffd45ce0000 - 0x00007ffd45da5000 	C:\WINDOWS\SYSTEM32\d3d9on12.dll
0x00007ffddfe70000 - 0x00007ffddffa3000 	C:\WINDOWS\SYSTEM32\dxgi.dll
0x00007ffdc7d20000 - 0x00007ffdc7d43000 	C:\WINDOWS\SYSTEM32\d3d12.dll
0x00007ffddfde0000 - 0x00007ffddfe40000 	C:\WINDOWS\SYSTEM32\directxdatabasehelper.dll
0x00007ffde2c20000 - 0x00007ffde2c77000 	C:\WINDOWS\SYSTEM32\cfgmgr32.dll
0x00007ffd9d500000 - 0x00007ffd9d773000 	C:\WINDOWS\SYSTEM32\D3D12Core.dll
0x00007ffd45be0000 - 0x00007ffd45cd3000 	C:\WINDOWS\System32\DriverStore\FileRepository\iigd_dch.inf_amd64_2ab2f23dcf17cf05\igd12umd64.dll
0x00007ffd44af0000 - 0x00007ffd45bd9000 	C:\WINDOWS\System32\DriverStore\FileRepository\iigd_dch.inf_amd64_2ab2f23dcf17cf05\igd12um64xel.dll
0x00007ffde3650000 - 0x00007ffde37c7000 	C:\WINDOWS\System32\CRYPT32.dll
0x00007ffde2e90000 - 0x00007ffde2eb6000 	C:\WINDOWS\SYSTEM32\bcrypt.dll
0x00007ffdd21f0000 - 0x00007ffdd2216000 	C:\WINDOWS\System32\DriverStore\FileRepository\iigd_dch.inf_amd64_2ab2f23dcf17cf05\igdext64.dll
0x00007ffda8460000 - 0x00007ffda84a7000 	C:\WINDOWS\SYSTEM32\ControlLib.dll
0x00007ffdd7800000 - 0x00007ffdd7893000 	C:\WINDOWS\System32\DriverStore\FileRepository\iigd_dch.inf_amd64_2ab2f23dcf17cf05\IntelControlLib.dll
0x00007ffdd7320000 - 0x00007ffdd775d000 	C:\WINDOWS\System32\DriverStore\FileRepository\iigd_dch.inf_amd64_2ab2f23dcf17cf05\igdgmm64.dll
0x00007ffdd3320000 - 0x00007ffdd7316000 	C:\WINDOWS\System32\DriverStore\FileRepository\iigd_dch.inf_amd64_2ab2f23dcf17cf05\igc64.dll
0x00007ffdd2150000 - 0x00007ffdd217e000 	C:\WINDOWS\SYSTEM32\D3DSCache.dll
0x00007ffde2390000 - 0x00007ffde23bb000 	C:\WINDOWS\SYSTEM32\USERENV.dll
0x00007ffd447d0000 - 0x00007ffd44ae2000 	C:\WINDOWS\System32\DriverStore\FileRepository\iigd_dch.inf_amd64_2ab2f23dcf17cf05\igd12dxva64.dll
0x00007ffde52f0000 - 0x00007ffde5776000 	C:\WINDOWS\System32\SETUPAPI.dll
0x00007ffd78dd0000 - 0x00007ffd79fa8000 	C:\WINDOWS\System32\DriverStore\FileRepository\iigd_dch.inf_amd64_2ab2f23dcf17cf05\igddxvacommon64.dll
0x00007ffd770a0000 - 0x00007ffd78dcb000 	C:\WINDOWS\System32\DriverStore\FileRepository\iigd_dch.inf_amd64_2ab2f23dcf17cf05\media_bin_64.dll
0x00007ffd7aa20000 - 0x00007ffd7aa47000 	C:\WINDOWS\System32\DriverStore\FileRepository\iigd_dch.inf_amd64_2ab2f23dcf17cf05\igdinfo64.dll
0x00007ffde2760000 - 0x00007ffde277c000 	C:\WINDOWS\SYSTEM32\CRYPTSP.dll
0x00007ffde1c90000 - 0x00007ffde1cca000 	C:\WINDOWS\system32\rsaenh.dll
0x00007ffde2520000 - 0x00007ffde252c000 	C:\WINDOWS\SYSTEM32\CRYPTBASE.dll

JVMTI agents:
jdwp path:C:\Users\Alessandro\.jdks\openjdk-24.0.1\bin\jdwp.dll, loaded, initialized, options:transport=dt_socket,address=127.0.0.1:51357,suspend=y,server=n
C:\Users\Alessandro\AppData\Local\JetBrains\IntelliJIdea2025.1\captureAgent\debugger-agent.jar path:C:\Users\Alessandro\.jdks\openjdk-24.0.1\bin\instrument.dll, loaded, initialized, instrumentlib options:file:///C:/Users/ALESSA~1/AppData/Local/Temp/capture4178842257544245978.props
C:\Users\Alessandro\AppData\Local\Temp\idea_libasyncProfiler_dll_temp_folder6\libasyncProfiler.dll path:C:\Users\Alessandro\AppData\Local\Temp\idea_libasyncProfiler_dll_temp_folder6\libasyncProfiler.dll, loaded, initialized, options:version,jfr,event=wall,interval=10ms,cstack=no,file=C:\Users\Alessandro\IdeaSnapshots\GUIApplication_2025_06_06_175127.jfr,dbghelppath=C:\Users\Alessandro\AppData\Local\Temp\idea_dbghelp_dll_temp_folder1\dbghelp.dll,log=C:\Users\Alessandro\AppData\Local\Temp\GUIApplication_2025_06_06_175127.jfr.log.txt,logLevel=DEBUG

dbghelp: loaded successfully - version: 4.0.5 - missing functions: none
symbol engine: initialized successfully - sym options: 0x614 - pdb path: .;C:\Users\Alessandro\.jdks\openjdk-24.0.1\bin;C:\WINDOWS\SYSTEM32;C:\WINDOWS\WinSxS\amd64_microsoft.windows.common-controls_6595b64144ccf1df_6.0.26100.3912_none_3e07963ce335137e;C:\Users\Alessandro\.jdks\openjdk-24.0.1\bin\server;C:\Users\Alessandro\AppData\Local\Temp\idea_libasyncProfiler_dll_temp_folder6;C:\Users\Alessandro\.openjfx\cache\23.0.1+4\amd64;C:\WINDOWS\System32\DriverStore\FileRepository\iigd_dch.inf_amd64_2ab2f23dcf17cf05;C:\Program Files\Bonjour;C:\Program Files\Common Files\Microsoft Shared\Ink

VM Arguments:
jvm_args: -agentlib:jdwp=transport=dt_socket,address=127.0.0.1:51357,suspend=y,server=n -javaagent:C:\Users\Alessandro\AppData\Local\JetBrains\IntelliJIdea2025.1\captureAgent\debugger-agent.jar=file:///C:/Users/ALESSA~1/AppData/Local/Temp/capture4178842257544245978.props --enable-preview -agentpath:C:\Users\Alessandro\AppData\Local\Temp\idea_libasyncProfiler_dll_temp_folder6\libasyncProfiler.dll=version,jfr,event=wall,interval=10ms,cstack=no,file=C:\Users\Alessandro\IdeaSnapshots\GUIApplication_2025_06_06_175127.jfr,dbghelppath=C:\Users\Alessandro\AppData\Local\Temp\idea_dbghelp_dll_temp_folder1\dbghelp.dll,log=C:\Users\Alessandro\AppData\Local\Temp\GUIApplication_2025_06_06_175127.jfr.log.txt,logLevel=DEBUG -Dkotlinx.coroutines.debug.enable.creation.stack.trace=false -Ddebugger.agent.enable.coroutines=true -Dkotlinx.coroutines.debug.enable.flows.stack.trace=true -Dkotlinx.coroutines.debug.enable.mutable.state.flows.stack.trace=true -Dfile.encoding=UTF-8 -Dsun.stdout.encoding=UTF-8 -Dsun.stderr.encoding=UTF-8 --module-path=C:\Users\Alessandro\.m2\repository\com\fasterxml\jackson\core\jackson-core\2.16.1\jackson-core-2.16.1.jar;C:\Users\Alessandro\.m2\repository\org\javatuples\javatuples\1.2\javatuples-1.2.jar;C:\Users\Alessandro\Documents\GitHub\ing-sw-2025-ungaro-sola-tavecchio-verrengia\target\classes;C:\Users\Alessandro\.m2\repository\org\openjfx\javafx-controls\23.0.1\javafx-controls-23.0.1-win.jar;C:\Users\Alessandro\.m2\repository\com\fasterxml\jackson\core\jackson-annotations\2.16.1\jackson-annotations-2.16.1.jar;C:\Users\Alessandro\.m2\repository\org\openjfx\javafx-fxml\23.0.1\javafx-fxml-23.0.1-win.jar;C:\Users\Alessandro\.m2\repository\org\openjfx\javafx-base\23.0.1\javafx-base-23.0.1-win.jar;C:\Users\Alessandro\.m2\repository\com\fasterxml\jackson\core\jackson-databind\2.16.1\jackson-databind-2.16.1.jar;C:\Users\Alessandro\.m2\repository\org\openjfx\javafx-graphics\23.0.1\javafx-graphics-23.0.1-win.jar -Djdk.module.main=it.polimi.ingsw.gc20 
java_command: it.polimi.ingsw.gc20/it.polimi.ingsw.gc20.client.view.GUI.GUIApplication
java_class_path (initial): C:\Users\Alessandro\.m2\repository\org\openjfx\javafx-controls\23.0.1\javafx-controls-23.0.1.jar;C:\Users\Alessandro\.m2\repository\org\openjfx\javafx-graphics\23.0.1\javafx-graphics-23.0.1.jar;C:\Users\Alessandro\.m2\repository\org\openjfx\javafx-base\23.0.1\javafx-base-23.0.1.jar;C:\Users\Alessandro\.m2\repository\org\openjfx\javafx-fxml\23.0.1\javafx-fxml-23.0.1.jar;C:\Users\Alessandro\.m2\repository\org\controlsfx\controlsfx\11.2.1\controlsfx-11.2.1.jar;C:\Users\Alessandro\.m2\repository\org\kordamp\bootstrapfx\bootstrapfx-core\0.4.0\bootstrapfx-core-0.4.0.jar;C:\Program Files\JetBrains\IntelliJ IDEA 2024.3.3\lib\idea_rt.jar
Launcher Type: SUN_STANDARD

[Global flags]
     intx CICompilerCount                          = 12                                        {product} {ergonomic}
     uint ConcGCThreads                            = 4                                         {product} {ergonomic}
     uint G1ConcRefinementThreads                  = 15                                        {product} {ergonomic}
   size_t G1HeapRegionSize                         = 2097152                                   {product} {ergonomic}
   size_t InitialHeapSize                          = 264241152                                 {product} {ergonomic}
   size_t MarkStackSize                            = 4194304                                   {product} {ergonomic}
   size_t MarkStackSizeMax                         = 536870912                                 {product} {ergonomic}
   size_t MaxHeapSize                              = 4227858432                                {product} {ergonomic}
   size_t MaxNewSize                               = 2535456768                                {product} {ergonomic}
   size_t MinHeapDeltaBytes                        = 2097152                                   {product} {ergonomic}
   size_t MinHeapSize                              = 8388608                                   {product} {ergonomic}
    uintx NonNMethodCodeHeapSize                   = 7602176                                {pd product} {ergonomic}
    uintx NonProfiledCodeHeapSize                  = 122093568                              {pd product} {ergonomic}
    uintx ProfiledCodeHeapSize                     = 121962496                              {pd product} {ergonomic}
    uintx ReservedCodeCacheSize                    = 251658240                              {pd product} {ergonomic}
     bool SegmentedCodeCache                       = true                                      {product} {ergonomic}
   size_t SoftMaxHeapSize                          = 4227858432                             {manageable} {ergonomic}
     bool UseCompressedOops                        = true                           {product lp64_product} {ergonomic}
     bool UseG1GC                                  = true                                      {product} {ergonomic}
     bool UseLargePagesIndividualAllocation        = false                                  {pd product} {ergonomic}

Logging:
Log output configuration:
 #0: stdout all=warning uptime,level,tags foldmultilines=false
 #1: stderr all=off uptime,level,tags foldmultilines=false

Environment Variables:
PATH=C:\Program Files (x86)\Embarcadero\Studio\23.0\bin;C:\Users\Public\Documents\Embarcadero\Studio\23.0\Bpl;C:\Program Files (x86)\Embarcadero\Studio\23.0\bin64;C:\Users\Public\Documents\Embarcadero\Studio\23.0\Bpl\Win64;C:\Program Files\Common Files\Oracle\Java\javapath;C:\WINDOWS\system32;C:\WINDOWS;C:\WINDOWS\System32\Wbem;C:\WINDOWS\System32\WindowsPowerShell\v1.0\;C:\WINDOWS\System32\OpenSSH\;C:\Program Files (x86)\NVIDIA Corporation\PhysX\Common;C:\Program Files\NVIDIA Corporation\NVIDIA app\NvDLISR;C:\Program Files\RedHat\java-1.8.0-openjdk-1.8.0.432-1\bin;C:\Program Files\RedHat\java-1.8.0-openjdk-1.8.0.432-1\jre\bin;C:\Program Files\Git\cmd;C:\Program Files\MATLAB\R2024b\bin;C:\Program Files\Microsoft SQL Server\150\Tools\Binn\;C:\Program Files\Microsoft SQL Server\Client SDK\ODBC\170\Tools\Binn\;C:\Program Files (x86)\Windows Kits\10\Windows Performance Toolkit\;C:\Program Files\dotnet\;C:\Program Files (x86)\ZeroTier\One\;C:\Users\Alessandro\AppData\Local\Microsoft\WindowsApps;C:\Users\Alessandro\AppData\Local\Programs\Microsoft VS Code\bin;C:\Users\Alessandro\AppData\Local\GitHubDesktop\bin;C:\Users\Alessandro\.lmstudio\bin;C:\Users\Alessandro\.dotnet\tools
USERNAME=Alessandro
OS=Windows_NT
PROCESSOR_IDENTIFIER=Intel64 Family 6 Model 186 Stepping 2, GenuineIntel
TMP=C:\Users\ALESSA~1\AppData\Local\Temp
TEMP=C:\Users\ALESSA~1\AppData\Local\Temp




Periodic native trim disabled

---------------  S Y S T E M  ---------------

OS:
 Windows 11 , 64 bit Build 26100 (10.0.26100.3912)
OS uptime: 0 days 8:54 hours
Hyper-V role detected

CPU: total 20 (initial active 20) (10 cores per cpu, 2 threads per core) family 6 model 186 stepping 2 microcode 0x4122, cx8, cmov, fxsr, ht, mmx, 3dnowpref, sse, sse2, sse3, ssse3, sse4.1, sse4.2, popcnt, lzcnt, tsc, tscinvbit, avx, avx2, aes, erms, clmul, bmi1, bmi2, adx, sha, fma, vzeroupper, clflush, clflushopt, clwb, hv, serialize, rdtscp, rdpid, fsrm, gfni, f16c, cet_ibt, cet_ss
Processor Information for processor 0
  Max Mhz: 2400, Current Mhz: 1520, Mhz Limit: 2400
Processor Information for processor 1
  Max Mhz: 2400, Current Mhz: 2400, Mhz Limit: 2400
Processor Information for processor 2
  Max Mhz: 2400, Current Mhz: 2400, Mhz Limit: 2400
Processor Information for processor 3
  Max Mhz: 2400, Current Mhz: 2400, Mhz Limit: 2400
Processor Information for processor 4
  Max Mhz: 2400, Current Mhz: 1520, Mhz Limit: 2400
Processor Information for processor 5
  Max Mhz: 2400, Current Mhz: 2400, Mhz Limit: 2400
Processor Information for processor 6
  Max Mhz: 2400, Current Mhz: 2400, Mhz Limit: 2400
Processor Information for processor 7
  Max Mhz: 2400, Current Mhz: 1520, Mhz Limit: 2400
Processor Information for processor 8
  Max Mhz: 2400, Current Mhz: 1520, Mhz Limit: 2400
Processor Information for processor 9
  Max Mhz: 2400, Current Mhz: 1520, Mhz Limit: 2400
Processor Information for processor 10
  Max Mhz: 2400, Current Mhz: 1520, Mhz Limit: 2400
Processor Information for processor 11
  Max Mhz: 2400, Current Mhz: 2400, Mhz Limit: 2400
Processor Information for processor 12
  Max Mhz: 2400, Current Mhz: 2400, Mhz Limit: 2400
Processor Information for processor 13
  Max Mhz: 2400, Current Mhz: 1466, Mhz Limit: 2400
Processor Information for processor 14
  Max Mhz: 2400, Current Mhz: 2400, Mhz Limit: 2400
Processor Information for processor 15
  Max Mhz: 2400, Current Mhz: 2400, Mhz Limit: 2400
Processor Information for processor 16
  Max Mhz: 2400, Current Mhz: 1466, Mhz Limit: 2400
Processor Information for processor 17
  Max Mhz: 2400, Current Mhz: 1466, Mhz Limit: 2400
Processor Information for processor 18
  Max Mhz: 2400, Current Mhz: 1466, Mhz Limit: 2400
Processor Information for processor 19
  Max Mhz: 2400, Current Mhz: 1466, Mhz Limit: 2400

Memory: 4k page, system-wide physical 16123M (4482M free)
TotalPageFile size 26363M (AvailPageFile size 8333M)
current process WorkingSet (physical memory assigned to process): 376M, peak: 412M
current process commit charge ("private bytes"): 468M, peak: 593M

vm_info: OpenJDK 64-Bit Server VM (24.0.1+9-30) for windows-amd64 JRE (24.0.1+9-30), built on 2025-03-05T07:23:45Z with MS VC++ 17.6 (VS2022)

END.
